        proc_qor
        proc_compare_qor
###     define log file
set start_time [clock seconds]
1776327157
set log_file_tail 0
0
set cur_shell_run_path  [pwd]
/home/wangyy/002_research/coralnpu/dc/v1-dc/run
set log_file dc.out
dc.out
while {[file isfile $log_file]} {
        incr log_file_tail 1
        set log_file dc.out.$log_file_tail
}
set_app_var sh_output_log_file $log_file
dc.out
set search_path                 "$GUI_WORK_DIR/inputs"
../../../dc/v1-dc/inputs
set target_library              {}
set link_library                {* }
* 
set synthetic_library           "/home/wangwy/software/synopsys/install/syn/syn/T-2022.03-SP2/libraries/syn/dw_foundation.sldb"
/home/wangwy/software/synopsys/install/syn/syn/T-2022.03-SP2/libraries/syn/dw_foundation.sldb
set milkyway_library            {}
set violation_opt               {}
set hierarchy_opt               {-hierarchy}
-hierarchy
set compile_ultra_hier_opt      {}
set report_area_phy_opt         {}
foreach key [array names STD_LIBRARY_LIST] {
        set lib_type [lindex [split $key ,] 0]
        set lib_pvt  [lindex [split $key ,] 1]
        if {[regexp " $lib_type " " $GUI_STD_LIBRARY "] && $lib_pvt == $GUI_PVT} {
                append link_library     "$STD_LIBRARY_LIST($key) "
                append target_library   "$STD_LIBRARY_LIST($key) "
        #append milkyway_library        "$STD_PHYSICAL_LIB($lib_type) "
        }
}
if {[info exists IP_LIBRARY_LIST]} {
        foreach key [array names IP_LIBRARY_LIST] {
                set lib_type [lindex [split $key ,] 0]
                set lib_pvt  [lindex [split $key ,] 1]
                if {[regexp " $lib_type " " $GUI_IP_LIBRARY "] && $lib_pvt == $GUI_PVT} {
                        append link_library     "$IP_LIBRARY_LIST($key) "
                        #append milkyway_library        "$IP_PHYSICAL_LIB($lib_type) "
                }
        }
}
foreach key [array names STD_LIBRARY_LIST] {
        set lib_type [lindex [split $key ,] 0]
        set lib_pvt  [lindex [split $key ,] 1]
        if {[regexp " $lib_type " " $GUI_IP_LIBRARY "] && $lib_pvt == $GUI_PVT} {
                append link_library     "$STD_LIBRARY_LIST($key) "
        }
}
#set_attribute [get_lib_cells */*] dont_use true
#foreach key [array names STD_LIBRARY_LIST] {
#       set lib_type [lindex [split $key ,] 0]
#       if {[regexp " $lib_type " " $GUI_STD_LIBRARY "]} {
#               set_attribute [get_lib_cells */$STD_LIBRARY_PREFIX($lib_type)*$STD_LIBRARY_POSTFIX($lib_type)] dont_use false
#       }
#}
source -e -v $GUI_DONTUSE_FILE
#set_attribute [get_lib_cells */G*] dont_use true
append link_library {dw_foundation.sldb }
* /home/wangyy/technical_library/library/lib/tcbn28hpcplusbwp40p140lvt_180a/tcbn28hpcplusbwp40p140lvtssg0p72v125c_ccs.db /home/wangyy/technical_library/tsmc28nm/Memory/tsn28hpcpd127spsram_20120200_180a/AN61001_20180416/tsn28hpcpd127spsram_20120200_180a/TSMCHOME/sram/Compiler/tsn28hpcpd127spsram_20120200_180a/tsn28hpcpd127spsram_20120200_180a/ts1n28hpcplvtb512x128m4swbso_180a/DB/ts1n28hpcplvtb512x128m4swbso_180a_ssg0p81v125c.db /home/wangyy/technical_library/tsmc28nm/Memory/tsn28hpcpd127spsram_20120200_180a/AN61001_20180416/tsn28hpcpd127spsram_20120200_180a/TSMCHOME/sram/Compiler/tsn28hpcpd127spsram_20120200_180a/tsn28hpcpd127spsram_20120200_180a/ts1n28hpcplvtb2048x128m4swbso_180a/DB/ts1n28hpcplvtb2048x128m4swbso_180a_ssg0p81v125c.db /home/wangyy/technical_library/tsmc28nm/Memory/tsn28hpcpd127spsram_20120200_180a/AN61001_20180416/tsn28hpcpd127spsram_20120200_180a/TSMCHOME/sram/Compiler/tsn28hpcpd127spsram_20120200_180a/tsn28hpcpd127spsram_20120200_180a/ts1n28hpcplvtb128x128m4swbso_180a/DB/ts1n28hpcplvtb128x128m4swbso_180a_ssg0p81v125c.db dw_foundation.sldb 
# Re-apply the resolved libraries to DC app vars explicitly so technology
# mapping uses the selected standard-cell target library instead of staying in
# generic GTECH/SEQGEN form.
set_app_var target_library $target_library
/home/wangyy/technical_library/library/lib/tcbn28hpcplusbwp40p140lvt_180a/tcbn28hpcplusbwp40p140lvtssg0p72v125c_ccs.db 
set_app_var link_library $link_library
* /home/wangyy/technical_library/library/lib/tcbn28hpcplusbwp40p140lvt_180a/tcbn28hpcplusbwp40p140lvtssg0p72v125c_ccs.db /home/wangyy/technical_library/tsmc28nm/Memory/tsn28hpcpd127spsram_20120200_180a/AN61001_20180416/tsn28hpcpd127spsram_20120200_180a/TSMCHOME/sram/Compiler/tsn28hpcpd127spsram_20120200_180a/tsn28hpcpd127spsram_20120200_180a/ts1n28hpcplvtb512x128m4swbso_180a/DB/ts1n28hpcplvtb512x128m4swbso_180a_ssg0p81v125c.db /home/wangyy/technical_library/tsmc28nm/Memory/tsn28hpcpd127spsram_20120200_180a/AN61001_20180416/tsn28hpcpd127spsram_20120200_180a/TSMCHOME/sram/Compiler/tsn28hpcpd127spsram_20120200_180a/tsn28hpcpd127spsram_20120200_180a/ts1n28hpcplvtb2048x128m4swbso_180a/DB/ts1n28hpcplvtb2048x128m4swbso_180a_ssg0p81v125c.db /home/wangyy/technical_library/tsmc28nm/Memory/tsn28hpcpd127spsram_20120200_180a/AN61001_20180416/tsn28hpcpd127spsram_20120200_180a/TSMCHOME/sram/Compiler/tsn28hpcpd127spsram_20120200_180a/tsn28hpcpd127spsram_20120200_180a/ts1n28hpcplvtb128x128m4swbso_180a/DB/ts1n28hpcplvtb128x128m4swbso_180a_ssg0p81v125c.db dw_foundation.sldb 
set_app_var synthetic_library $synthetic_library
/home/wangwy/software/synopsys/install/syn/syn/T-2022.03-SP2/libraries/syn/dw_foundation.sldb
puts "DC target_library: $target_library"
DC target_library: /home/wangyy/technical_library/library/lib/tcbn28hpcplusbwp40p140lvt_180a/tcbn28hpcplusbwp40p140lvtssg0p72v125c_ccs.db 
puts "DC link_library: $link_library"
DC link_library: * /home/wangyy/technical_library/library/lib/tcbn28hpcplusbwp40p140lvt_180a/tcbn28hpcplusbwp40p140lvtssg0p72v125c_ccs.db /home/wangyy/technical_library/tsmc28nm/Memory/tsn28hpcpd127spsram_20120200_180a/AN61001_20180416/tsn28hpcpd127spsram_20120200_180a/TSMCHOME/sram/Compiler/tsn28hpcpd127spsram_20120200_180a/tsn28hpcpd127spsram_20120200_180a/ts1n28hpcplvtb512x128m4swbso_180a/DB/ts1n28hpcplvtb512x128m4swbso_180a_ssg0p81v125c.db /home/wangyy/technical_library/tsmc28nm/Memory/tsn28hpcpd127spsram_20120200_180a/AN61001_20180416/tsn28hpcpd127spsram_20120200_180a/TSMCHOME/sram/Compiler/tsn28hpcpd127spsram_20120200_180a/tsn28hpcpd127spsram_20120200_180a/ts1n28hpcplvtb2048x128m4swbso_180a/DB/ts1n28hpcplvtb2048x128m4swbso_180a_ssg0p81v125c.db /home/wangyy/technical_library/tsmc28nm/Memory/tsn28hpcpd127spsram_20120200_180a/AN61001_20180416/tsn28hpcpd127spsram_20120200_180a/TSMCHOME/sram/Compiler/tsn28hpcpd127spsram_20120200_180a/tsn28hpcpd127spsram_20120200_180a/ts1n28hpcplvtb128x128m4swbso_180a/DB/ts1n28hpcplvtb128x128m4swbso_180a_ssg0p81v125c.db dw_foundation.sldb 
puts "DC synthetic_library: $synthetic_library"
DC synthetic_library: /home/wangwy/software/synopsys/install/syn/syn/T-2022.03-SP2/libraries/syn/dw_foundation.sldb
suppress_message CMD-041
suppress_message UID-348
set_message_info -limit 5 -id PWR-537
1
set_message_info -limit 5 -id UID-401
1
if {$GUI_DCG_MODE} {
        set_message_info -limit 5 -id TFCHK-035
        set_message_info -limit 5 -id TFCHK-072
        set_message_info -limit 5 -id TLUP-004
        set_message_info -limit 5 -id TLUP-005
        set_message_info -limit 5 -id MWLIBP-324
        set_message_info -limit 5 -id PSYN-024
        set_message_info -limit 5 -id PSYN-039
        set_message_info -limit 5 -id PSYN-650
        set_message_info -limit 5 -id PSYN-651
        set_message_info -limit 5 -id PSYN-058

        set_tlu_plus_files -max_tluplus $MILKYWAY_TLUPLUS($GUI_TLU) -min_tluplus $MILKYWAY_TLUPLUS($GUI_TLU) -tech2itf_map $MILKYWAY_ITFMAP
}
### proc ###
proc get_instance_name {filename} {
        set F [open $filename r]
        set lists ""
        while {![eof $F]} {
                [gets $F line]
                if {[regexp {^#} $line] || ![regexp {\S} $line]} { continue }
                regexp {(\S+)\s+(\S+)} $line total cellname instancename
                lappend lists $cellname
                lappend lists $instancename
        }
        close $F
        return $lists
}
proc report_runtime {} {
        global starttime
        global endtime

        set day  0
        set hour 0
        set min  0
        set sec  [expr $endtime - $starttime]
        set seconds $sec
        if {$sec >= 86400} {
                set day  [expr $sec / 86400]
                set sec  [expr $sec - $day  * 86400]
        }
        if {$sec >= 3600} {
                set hour [expr $sec / 3600]
                set sec  [expr $sec - $hour * 3600]
        }
        if {$sec >= 60} {
                set min  [expr $sec / 60]
                set sec  [expr $sec - $min  * 60]
        }

        puts "\n----------------------------------------"
        puts [format "Start Time : %s" [clock format $starttime -format "%Y-%m-%d %H:%M:%S"]]
        puts [format "End   Time : %s" [clock format $endtime   -format "%Y-%m-%d %H:%M:%S"]]
        if {$day} { puts [format "Total Time : %dday %02d:%02d:%02d (%ss)" $day $hour $min $sec $seconds]
        } else    { puts [format "Total Time : %02d:%02d:%02d (%ss)" $hour $min $sec $seconds] }
        puts "----------------------------------------\n"
}
##------------------------------------------------
## Procedure to print message
##------------------------------------------------
proc proc_print_msg { args } {
        parse_proc_arguments -args $args options
        if { [info exists options(-E)] } {
                echo "ERROR: $options(-E)"
        } elseif { [info exists options(-W)] } {
                echo "WARNING: $options(-W)"
        } elseif { [info exists options(-I)] } {
                echo "INFO: $options(-I)"
        }
}
define_proc_attributes proc_print_msg \
        -info "Print messages." \
        -define_args {
        {-E "Print ERROR type message" AString string optional} \
        {-W "Print WARNING type message" AString string optional} \
        {-I "Print INFO type message" AString string optional} \
}
puts [clock format [clock seconds] -format "%Y-%m-%d %T"]
2026-04-16 08:12:37
set svf_file_tail 0
0
set cur_shell_run_path  [pwd]
/home/wangyy/002_research/coralnpu/dc/v1-dc/run
set svf_file $GUI_DESIGN_NAME.svf
RvvCoreMiniHighmemAxi.svf
while {[file isfile $svf_file]} {
        incr svf_file_tail 1
        set svf_file $GUI_DESIGN_NAME.svf.$svf_file_tail
}
set_svf $svf_file
1
file delete -force work
define_design_lib WORK -path ./work
1
set starttime [clock seconds]
1776327157
#set alib_library_analysis_path $ALIB_LIB_PATH
set hdlin_check_no_latch true
true
#set hdlin_preserve_sequential true
#set hdlin_report_inferred_modules true
set compile_seqmap_propagate_constants false
false
#set compile_delete_unloaded_sequential_cells false
set compile_enable_register_merging false
false
set compile_register_replication false
false
set enable_recovery_removal_arcs true
true
set report_default_significant_digits 3
3
#set dc_allow_rtl_pg false
# 0304 add for dft
#set compile_seqmap_disable_qn_pin_connections true
#set test_disable_find_best_scan_out true
#set compile_enable_constant_propagation_with_no_boundary_opt false
#set compile_preserve_subdesign_interfaces true
set compile_ultra_hier_opt ""
set hierarchy_opt ""
if { !$GUI_UNGROUP } {
        set compile_ultra_hier_opt      " -no_autoungroup"
        set hierarchy_opt               "-hierarchy"
}
-hierarchy
## read verilog netlist
if { $GUI_BLOCK_ABSTRACTION_DESIGNS1 != ""} {
        set_top_implementation_options -block_references $GUI_BLOCK_ABSTRACTION_DESIGNS1
}
if { $GUI_BLOCK_ABSTRACTION_DESIGNS != ""} {
        set_top_implementation_options -block_references $GUI_BLOCK_ABSTRACTION_DESIGNS 
}
if { $GUI_BLOCK_ABSTRACTION_DESIGNS2 != ""} {
        set_top_implementation_options -block_references $GUI_BLOCK_ABSTRACTION_DESIGNS2 
}
if { $GUI_DDC_FILE != ""} {
        read_ddc $GUI_DDC_FILE
}
if { $GUI_DDC_FILE1 != ""} {
        read_ddc $GUI_DDC_FILE1
}
if { $GUI_DDC_FILE2 != ""} {
        read_ddc $GUI_DDC_FILE2
}
if {$GUI_VCS_OPTION != ""} {
analyze -format sverilog -vcs $GUI_VCS_OPTION
elaborate $GUI_DESIGN_NAME > ./elaborate.log
} else {
        source $GUI_RTL_ORDER_FILE
        elaborate $GUI_DESIGN_NAME
}
Running PRESTO HDLC
Compiling source file /home/wangyy/002_research/coralnpu/bazel-bin/hdl/chisel/src/coralnpu/RvvCoreMiniHighmemAxi.sv
Warning:  /home/wangyy/002_research/coralnpu/bazel-bin/hdl/chisel/src/coralnpu/RvvCoreMiniHighmemAxi.sv:23884: The construct 'bind' is not supported in synthesis; it is ignored. (VER-708)
Warning:  /home/wangyy/002_research/coralnpu/bazel-bin/hdl/chisel/src/coralnpu/RvvCoreMiniHighmemAxi.sv:23893: The construct 'bind' is not supported in synthesis; it is ignored. (VER-708)
Warning:  /home/wangyy/002_research/coralnpu/bazel-bin/hdl/chisel/src/coralnpu/RvvCoreMiniHighmemAxi.sv:23901: The construct 'bind' is not supported in synthesis; it is ignored. (VER-708)
Warning:  /home/wangyy/002_research/coralnpu/bazel-bin/hdl/chisel/src/coralnpu/RvvCoreMiniHighmemAxi.sv:23909: The construct 'bind' is not supported in synthesis; it is ignored. (VER-708)
Warning:  /home/wangyy/002_research/coralnpu/bazel-bin/hdl/chisel/src/coralnpu/RvvCoreMiniHighmemAxi.sv:23965: The construct 'bind' is not supported in synthesis; it is ignored. (VER-708)
Warning:  /home/wangyy/002_research/coralnpu/bazel-bin/hdl/chisel/src/coralnpu/RvvCoreMiniHighmemAxi.sv:24214: The construct 'bind' is not supported in synthesis; it is ignored. (VER-708)
Warning:  /home/wangyy/002_research/coralnpu/bazel-bin/hdl/chisel/src/coralnpu/RvvCoreMiniHighmemAxi.sv:24222: The construct 'bind' is not supported in synthesis; it is ignored. (VER-708)
Warning:  /home/wangyy/002_research/coralnpu/bazel-bin/hdl/chisel/src/coralnpu/RvvCoreMiniHighmemAxi.sv:24374: The construct 'bind' is not supported in synthesis; it is ignored. (VER-708)
Warning:  /home/wangyy/002_research/coralnpu/bazel-bin/hdl/chisel/src/coralnpu/RvvCoreMiniHighmemAxi.sv:24382: The construct 'bind' is not supported in synthesis; it is ignored. (VER-708)
Warning:  /home/wangyy/002_research/coralnpu/bazel-bin/hdl/chisel/src/coralnpu/RvvCoreMiniHighmemAxi.sv:24390: The construct 'bind' is not supported in synthesis; it is ignored. (VER-708)
Warning:  /home/wangyy/002_research/coralnpu/bazel-bin/hdl/chisel/src/coralnpu/RvvCoreMiniHighmemAxi.sv:24406: The construct 'bind' is not supported in synthesis; it is ignored. (VER-708)
Warning:  /home/wangyy/002_research/coralnpu/bazel-bin/hdl/chisel/src/coralnpu/RvvCoreMiniHighmemAxi.sv:24421: The construct 'bind' is not supported in synthesis; it is ignored. (VER-708)
Warning:  /home/wangyy/002_research/coralnpu/bazel-bin/hdl/chisel/src/coralnpu/RvvCoreMiniHighmemAxi.sv:24441: The construct 'bind' is not supported in synthesis; it is ignored. (VER-708)
Warning:  /home/wangyy/002_research/coralnpu/bazel-bin/hdl/chisel/src/coralnpu/RvvCoreMiniHighmemAxi.sv:24458: The construct 'bind' is not supported in synthesis; it is ignored. (VER-708)
Warning:  /home/wangyy/002_research/coralnpu/bazel-bin/hdl/chisel/src/coralnpu/RvvCoreMiniHighmemAxi.sv:24463: The construct 'bind' is not supported in synthesis; it is ignored. (VER-708)
Warning:  /home/wangyy/002_research/coralnpu/bazel-bin/hdl/chisel/src/coralnpu/RvvCoreMiniHighmemAxi.sv:24481: The construct 'bind' is not supported in synthesis; it is ignored. (VER-708)
Warning:  /home/wangyy/002_research/coralnpu/bazel-bin/hdl/chisel/src/coralnpu/RvvCoreMiniHighmemAxi.sv:24488: The construct 'bind' is not supported in synthesis; it is ignored. (VER-708)
Warning:  /home/wangyy/002_research/coralnpu/bazel-bin/hdl/chisel/src/coralnpu/RvvCoreMiniHighmemAxi.sv:24498: The construct 'bind' is not supported in synthesis; it is ignored. (VER-708)
Warning:  /home/wangyy/002_research/coralnpu/bazel-bin/hdl/chisel/src/coralnpu/RvvCoreMiniHighmemAxi.sv:24504: The construct 'bind' is not supported in synthesis; it is ignored. (VER-708)
Warning:  /home/wangyy/002_research/coralnpu/bazel-bin/hdl/chisel/src/coralnpu/RvvCoreMiniHighmemAxi.sv:24527: The construct 'bind' is not supported in synthesis; it is ignored. (VER-708)
Warning:  /home/wangyy/002_research/coralnpu/bazel-bin/hdl/chisel/src/coralnpu/RvvCoreMiniHighmemAxi.sv:24537: The construct 'bind' is not supported in synthesis; it is ignored. (VER-708)
Warning:  /home/wangyy/002_research/coralnpu/bazel-bin/hdl/chisel/src/coralnpu/RvvCoreMiniHighmemAxi.sv:24544: The construct 'bind' is not supported in synthesis; it is ignored. (VER-708)
Warning:  /home/wangyy/002_research/coralnpu/bazel-bin/hdl/chisel/src/coralnpu/RvvCoreMiniHighmemAxi.sv:28802: signed to unsigned assignment occurs. (VER-318)
Warning:  /home/wangyy/002_research/coralnpu/bazel-bin/hdl/chisel/src/coralnpu/RvvCoreMiniHighmemAxi.sv:28803: signed to unsigned conversion occurs. (VER-318)
Warning:  /home/wangyy/002_research/coralnpu/bazel-bin/hdl/chisel/src/coralnpu/RvvCoreMiniHighmemAxi.sv:28960: signed to unsigned assignment occurs. (VER-318)
Warning:  /home/wangyy/002_research/coralnpu/bazel-bin/hdl/chisel/src/coralnpu/RvvCoreMiniHighmemAxi.sv:38567: Parameter keyword used in local parameter declaration. (VER-329)
Presto compilation completed successfully.
Loading db file '/home/wangyy/technical_library/library/lib/tcbn28hpcplusbwp40p140lvt_180a/tcbn28hpcplusbwp40p140lvtssg0p72v125c_ccs.db'
Information: Using CCS timing libraries. (TIM-024)
Loading db file '/home/wangyy/technical_library/tsmc28nm/Memory/tsn28hpcpd127spsram_20120200_180a/AN61001_20180416/tsn28hpcpd127spsram_20120200_180a/TSMCHOME/sram/Compiler/tsn28hpcpd127spsram_20120200_180a/tsn28hpcpd127spsram_20120200_180a/ts1n28hpcplvtb512x128m4swbso_180a/DB/ts1n28hpcplvtb512x128m4swbso_180a_ssg0p81v125c.db'
Loading db file '/home/wangyy/technical_library/tsmc28nm/Memory/tsn28hpcpd127spsram_20120200_180a/AN61001_20180416/tsn28hpcpd127spsram_20120200_180a/TSMCHOME/sram/Compiler/tsn28hpcpd127spsram_20120200_180a/tsn28hpcpd127spsram_20120200_180a/ts1n28hpcplvtb2048x128m4swbso_180a/DB/ts1n28hpcplvtb2048x128m4swbso_180a_ssg0p81v125c.db'
Loading db file '/home/wangyy/technical_library/tsmc28nm/Memory/tsn28hpcpd127spsram_20120200_180a/AN61001_20180416/tsn28hpcpd127spsram_20120200_180a/TSMCHOME/sram/Compiler/tsn28hpcpd127spsram_20120200_180a/tsn28hpcpd127spsram_20120200_180a/ts1n28hpcplvtb128x128m4swbso_180a/DB/ts1n28hpcplvtb128x128m4swbso_180a_ssg0p81v125c.db'
Loading db file '/home/wangwy/software/synopsys/install/syn/syn/T-2022.03-SP2/libraries/syn/dw_foundation.sldb'
set gui_top_design_name $GUI_DESIGN_NAME
RvvCoreMiniHighmemAxi
set gui_exact_design_count 0
0
if {![catch {set gui_exact_design_count [sizeof_collection [get_designs -quiet $GUI_DESIGN_NAME]]}]} {
        set gui_top_design_name $GUI_DESIGN_NAME
}
RvvCoreMiniHighmemAxi
if {$gui_exact_design_count == 0} {
        set matched_designs ""
        catch {set matched_designs [get_object_name [get_designs -quiet ${GUI_DESIGN_NAME}*]]}
        if {[llength $matched_designs] == 1} {
                set gui_top_design_name [lindex $matched_designs 0]
        } elseif {[llength $matched_designs] > 1} {
                echo "Multiple elaborated designs match '$GUI_DESIGN_NAME': $matched_designs"
                exit
        } else {
                echo "Can't find elaborated design matching '$GUI_DESIGN_NAME'"
                exit
        }
}
current_design $gui_top_design_name
Current design is 'RvvCoreMiniHighmemAxi'.
{RvvCoreMiniHighmemAxi}
if { ![link] } {
        echo "Linking error!"
        exit; #Exits DC if a serious linking problem is encountered
}

  Linking design 'RvvCoreMiniHighmemAxi'
  Using the following designs and libraries:
  --------------------------------------------------------------------------
  * (251 designs)             /home/wangyy/002_research/coralnpu/dc/v1-dc/run/RvvCoreMiniHighmemAxi.db, etc
  tcbn28hpcplusbwp40p140lvtssg0p72v125c_ccs (library) /home/wangyy/technical_library/library/lib/tcbn28hpcplusbwp40p140lvt_180a/tcbn28hpcplusbwp40p140lvtssg0p72v125c_ccs.db
  ts1n28hpcplvtb512x128m4swbso_ssg0p81v125c (library) /home/wangyy/technical_library/tsmc28nm/Memory/tsn28hpcpd127spsram_20120200_180a/AN61001_20180416/tsn28hpcpd127spsram_20120200_180a/TSMCHOME/sram/Compiler/tsn28hpcpd127spsram_20120200_180a/tsn28hpcpd127spsram_20120200_180a/ts1n28hpcplvtb512x128m4swbso_180a/DB/ts1n28hpcplvtb512x128m4swbso_180a_ssg0p81v125c.db
  ts1n28hpcplvtb2048x128m4swbso_ssg0p81v125c (library) /home/wangyy/technical_library/tsmc28nm/Memory/tsn28hpcpd127spsram_20120200_180a/AN61001_20180416/tsn28hpcpd127spsram_20120200_180a/TSMCHOME/sram/Compiler/tsn28hpcpd127spsram_20120200_180a/tsn28hpcpd127spsram_20120200_180a/ts1n28hpcplvtb2048x128m4swbso_180a/DB/ts1n28hpcplvtb2048x128m4swbso_180a_ssg0p81v125c.db
  ts1n28hpcplvtb128x128m4swbso_ssg0p81v125c (library) /home/wangyy/technical_library/tsmc28nm/Memory/tsn28hpcpd127spsram_20120200_180a/AN61001_20180416/tsn28hpcpd127spsram_20120200_180a/TSMCHOME/sram/Compiler/tsn28hpcpd127spsram_20120200_180a/tsn28hpcpd127spsram_20120200_180a/ts1n28hpcplvtb128x128m4swbso_180a/DB/ts1n28hpcplvtb128x128m4swbso_180a_ssg0p81v125c.db
  dw_foundation.sldb (library) /home/wangwy/software/synopsys/install/syn/syn/T-2022.03-SP2/libraries/syn/dw_foundation.sldb

Information: Building the design 'edff' instantiated from design 'rvv_backend_div_unit' with
        the parameters "T="struct(0%$unit:_Pr0G9OuC4G%(uop_pc%sywREG%array(0%31%0%logic))(uop_funct6%sywREG%union(0%$unit:_Pr0jLuQs5j%(ari_funct6%sywREG%array(0%5%0%logic))(lsu_funct6%sywREG%struct(0%$unit:_Pr0GLtMs5j%(lsu_mop%sywREG%enum(24%array(0%1%0%logic)%4%$unit:_Pr0mXHc65j%cons(0%US%00%cons(0%IU%01%cons(0%CS%10%cons(0%IO%11%null))))))(lsu_umop%sywREG%enum(24%array(0%1%0%logic)%4%$unit:_Pr0mXfH65j%cons(0%US_US%00%cons(0%US_WR%01%cons(0%US_MK%10%cons(0%US_FF%11%null))))))(lsu_is_store%sywREG%enum(24%array(0%0%0%logic)%2%$unit:_Pr0m$CLs5j%cons(0%IS_LOAD%0%cons(0%IS_STORE%1%null))))(lsu_is_seg%sywREG%enum(24%array(0%0%0%logic)%2%$unit:_Pr0m_O$s5j%cons(0%IS_SEGMENT%0%cons(0%NONE%1%null))))))))(uop_funct3%sywREG%array(0%2%0%logic))(rob_entry%sywREG%array(0%2%0%logic))(vs2_eew%sywREG%enum(24%array(0%2%0%logic)%6%$unit:_Pr0m$XJ3uj%cons(0%EEW_NONE%000%cons(0%EEW1%001%cons(0%EEW8%010%cons(0%EEW16%011%cons(0%EEW32%100%cons(0%EEW64%101%null)))))))))%GGRZjQa",INIT=1'h0". (HDL-193)
Warning:  /home/wangyy/002_research/coralnpu/bazel-bin/hdl/chisel/src/coralnpu/RvvCoreMiniHighmemAxi.sv:39926: Default value of the sized parameter 'INIT' has been overridden with an expression whose self-determined type is not as wide as the parameter. (ELAB-2029)
#line 1359
Error:  /home/wangyy/002_research/coralnpu/bazel-bin/hdl/chisel/src/coralnpu/RvvCoreMiniHighmemAxi.sv:39936: Internal assertion failure.  (VER-37)
*** Presto compilation terminated with 1 errors. ***
Warning: Unable to resolve reference 'edff' in 'rvv_backend_div_unit'. (LINK-5)
Linking error!

Memory usage for this session 2241 Mbytes.
Memory usage for this session including child processes 2241 Mbytes.
CPU usage for this session 298 seconds ( 0.08 hours ).
Elapsed time for this session 312 seconds ( 0.09 hours ).

Thank you...

