version: (200506)

available memory: 64M bytes
used memory: 221184 bytes [need 216K bytes if disable swap]

used block: 6 [memory(6) file(0)]
                 [ 8K(3) 64K(3) { total 216K bytes } ]
overhead: (9604) bytes for (6) blocks [Average: (1600) bytes/block]

write  => 0(times) 0K(bytes) [0K bytes to file]
read   => 3(times) 151K(bytes) [36K bytes compressed data from file]
access => 50216(times) 399M(bytes)
          [hit ratio: 99.994%]

time: write(0) read(0)  unit: second

swap file directory: (/home/wangyy/003_research/ara_clean/hardware/vcs/verdiLog)
used swap file number: (4)



swap file manager:
arrSize: (256)
idxCnt: (5)
closeHead: (1)
closeTail: (4)
openCnt: (3)
fid(4): fd(1073741825) fileName(/home/wangyy/003_research/ara_clean/hardware/vcs/simv.daidir/kdb.elab++/work.lib++/ara_dispatcher.sv.tdc)
	size(116287) lastModTime(1775910766) curModTime(1775910766)
	mode(rb)	hot(0) cool(2) pos(0)
fid(3): fd(0) fileName(/home/wangyy/003_research/ara_clean/hardware/vcs/simv.daidir/kdb.elab++/work.lib++/uvm_custom_install_verdi_recorder.sv.tdc)
	size(16169) lastModTime(1775910764) curModTime(1775910764)
	mode(rb)	hot(0) cool(0) pos(0)
fid(2): fd(27) fileName(/home/wangyy/003_research/ara_clean/hardware/vcs/verdiLog/_swap_0001#-1463800790#169266)
	size(0) lastModTime(0) curModTime(1775911104)
	mode(w+b)	hot(4) cool(1) pos(0)
fid(1): fd(1073741824) fileName(/home/wangyy/003_research/ara_clean/hardware/vcs/simv.daidir/kdb.elab++/work.lib++/ara_tb.sv.tdc)
	size(11221) lastModTime(1775910767) curModTime(1775910767)
	mode(rb)	hot(2) cool(0) pos(0)
fid(0): fd(0) fileName(NULL)
	mode(NULL)	hot(0) cool(0) pos(0)
==================================================
mySelf(0x2358b9b0) pre(0x1eff5b20) next((nil))
version(200506)
date(Feb 21 2024 02:56:21)
